{"codigo": "110B8ADF", "fechaVigencia": "2023-06-07 13:02:04.284000-04:00", "mensajesList": [{"codigo": 980, "descripcion": "EXISTE UN CUIS VIGENTE PARA LA SUCURSAL O PUNTO DE VENTA"}], "transaccion": false}{"codigo": "110B8ADF", "fechaVigencia": "2023-06-07 13:02:04.284000-04:00", "mensajesList": [{"codigo": 980, "descripcion": "EXISTE UN CUIS VIGENTE PARA LA SUCURSAL O PUNTO DE VENTA"}], "transaccion": false}null{"codigo": "110B8ADF", "fechaVigencia": "2023-06-07 13:02:04.284000-04:00", "mensajesList": [{"codigo": 980, "descripcion": "EXISTE UN CUIS VIGENTE PARA LA SUCURSAL O PUNTO DE VENTA"}], "transaccion": false}{"codigo": "BQUFDRnFuQUE=NzkZCODY1MzA2Qzc=Q1VuazNVSUdXVUFFFNzYzOEZGQkUwQ", "codigoControl": "18EB6F9DF886D74", "direccion": "CALLE RUNA SIMI NRO.2126 ZONA SARCO", "fechaVigencia": "2022-06-08 20:54:36.392000-04:00", "mensajesList": [], "transaccion": true}CUIS
=============
{"codigo": "110B8ADF", "fechaVigencia": "2023-06-07 13:02:04.284000-04:00", "mensajesList": [{"codigo": 980, "descripcion": "EXISTE UN CUIS VIGENTE PARA LA SUCURSAL O PUNTO DE VENTA"}], "transaccion": false}
{"codigo": "BQUFDRnFuQUE=NzkZCODY1MzA2Qzc=Qz5aZjZVSUdXVUFFFNzYzOEZGQkUwQ", "codigoControl": "1ABBE3ADF886D74", "direccion": "CALLE RUNA SIMI NRO.2126 ZONA SARCO", "fechaVigencia": "2022-06-08 20:57:31.258000-04:00", "mensajesList": [], "transaccion": true}
CUIS
=============
{"codigo": "110B8ADF", "fechaVigencia": "2023-06-07 13:02:04.284000-04:00", "mensajesList": [{"codigo": 980, "descripcion": "EXISTE UN CUIS VIGENTE PARA LA SUCURSAL O PUNTO DE VENTA"}], "transaccion": false}
CUFD
=============
{"codigo": "BQUFDRnFuQUE=NzkZCODY1MzA2Qzc=Q0E3NTdVSUdXVUFFFNzYzOEZGQkUwQ", "codigoControl": "7445D5ADF886D74", "direccion": "CALLE RUNA SIMI NRO.2126 ZONA SARCO", "fechaVigencia": "2022-06-08 20:58:56.580000-04:00", "mensajesList": [], "transaccion": true}
=============
CUIS
=============
{"codigo": "110B8ADF", "fechaVigencia": "2023-06-07 13:02:04.284000-04:00", "mensajesList": [{"codigo": 980, "descripcion": "EXISTE UN CUIS VIGENTE PARA LA SUCURSAL O PUNTO DE VENTA"}], "transaccion": false}
=============
CUFD
=============
{"codigo": "BQUFDRnFuQUE=NzkZCODY1MzA2Qzc=Qzl7YzhVSUdXVUFFFNzYzOEZGQkUwQ", "codigoControl": "502FE6ADF886D74", "direccion": "CALLE RUNA SIMI NRO.2126 ZONA SARCO", "fechaVigencia": "2022-06-08 20:59:28.736000-04:00", "mensajesList": [], "transaccion": true}
=============
CUIS
=============
{"codigo": "110B8ADF", "fechaVigencia": "2023-06-07 13:02:04.284000-04:00", "mensajesList": [{"codigo": 980, "descripcion": "EXISTE UN CUIS VIGENTE PARA LA SUCURSAL O PUNTO DE VENTA"}], "transaccion": false}
=============
CUFD
=============
{"codigo": "BQUFBQ0ZxbkFBNzkZCODY1MzA2Qzc=Q2XDjVdTV0lHV1VFFNzYzOEZGQkUwQ", "codigoControl": "9116799EF886D74", "direccion": "CALLE RUNA SIMI NRO.2126 ZONA SARCO", "fechaVigencia": "2022-06-08 22:18:22.993000-04:00", "mensajesList": [], "transaccion": true}
=============
CUIS
=============
{"codigo": "110B8ADF", "fechaVigencia": "2023-06-07 13:02:04.284000-04:00", "mensajesList": [{"codigo": 980, "descripcion": "EXISTE UN CUIS VIGENTE PARA LA SUCURSAL O PUNTO DE VENTA"}], "transaccion": false}
=============
CUFD
=============
{"codigo": "BQUFDRnFuQUE=NzkZCODY1MzA2Qzc=Q0tHdlNXSUdXVUFFFNzYzOEZGQkUwQ", "codigoControl": "1514D99EF886D74", "direccion": "CALLE RUNA SIMI NRO.2126 ZONA SARCO", "fechaVigencia": "2022-06-08 22:18:47.061000-04:00", "mensajesList": [], "transaccion": true}
=============
CUIS
=============
{"codigo": "110B8ADF", "fechaVigencia": "2023-06-07 13:02:04.284000-04:00", "mensajesList": [{"codigo": 980, "descripcion": "EXISTE UN CUIS VIGENTE PARA LA SUCURSAL O PUNTO DE VENTA"}], "transaccion": false}
=============
CUFD
=============
{"codigo": "BQUFBQ0ZxbkFBNzkZCODY1MzA2Qzc=Q1XDkzZUV0lHV1VFFNzYzOEZGQkUwQ", "codigoControl": "32258B9EF886D74", "direccion": "CALLE RUNA SIMI NRO.2126 ZONA SARCO", "fechaVigencia": "2022-06-08 22:19:57.922000-04:00", "mensajesList": [], "transaccion": true}
=============
CUIS
=============
{"codigo": "110B8ADF", "fechaVigencia": "2023-06-07 13:02:04.284000-04:00", "mensajesList": [{"codigo": 980, "descripcion": "EXISTE UN CUIS VIGENTE PARA LA SUCURSAL O PUNTO DE VENTA"}], "transaccion": false}
=============
CUFD
=============
{"codigo": "BQUFDRnFuQUE=NzkZCODY1MzA2Qzc=QzlhVlVXSUdXVUFFFNzYzOEZGQkUwQ", "codigoControl": "629C7C9EF886D74", "direccion": "CALLE RUNA SIMI NRO.2126 ZONA SARCO", "fechaVigencia": "2022-06-08 22:20:21.266000-04:00", "mensajesList": [], "transaccion": true}
=============
CUIS
=============
{"codigo": "110B8ADF", "fechaVigencia": "2023-06-07 13:02:04.284000-04:00", "mensajesList": [{"codigo": 980, "descripcion": "EXISTE UN CUIS VIGENTE PARA LA SUCURSAL O PUNTO DE VENTA"}], "transaccion": false}
=============
CUIS
=============
{"codigo": "110B8ADF", "fechaVigencia": "2023-06-07 13:02:04.284000-04:00", "mensajesList": [{"codigo": 980, "descripcion": "EXISTE UN CUIS VIGENTE PARA LA SUCURSAL O PUNTO DE VENTA"}], "transaccion": false}
=============
CUIS
=============
{"codigo": "110B8ADF", "fechaVigencia": "2023-06-07 13:02:04.284000-04:00", "mensajesList": [{"codigo": 980, "descripcion": "EXISTE UN CUIS VIGENTE PARA LA SUCURSAL O PUNTO DE VENTA"}], "transaccion": false}
=============
CUIS
=============
{"codigo": "110B8ADF", "fechaVigencia": "2023-06-07 13:02:04.284000-04:00", "mensajesList": [{"codigo": 980, "descripcion": "EXISTE UN CUIS VIGENTE PARA LA SUCURSAL O PUNTO DE VENTA"}], "transaccion": false}
=============
CUIS
=============
{"codigo": "110B8ADF", "fechaVigencia": "2023-06-07 13:02:04.284000-04:00", "mensajesList": [{"codigo": 980, "descripcion": "EXISTE UN CUIS VIGENTE PARA LA SUCURSAL O PUNTO DE VENTA"}], "transaccion": false}
=============
CUIS
=============
{"codigo": "110B8ADF", "fechaVigencia": "2023-06-07 13:02:04.284000-04:00", "mensajesList": [{"codigo": 980, "descripcion": "EXISTE UN CUIS VIGENTE PARA LA SUCURSAL O PUNTO DE VENTA"}], "transaccion": false}
=============
CUIS
=============
{"codigo": "110B8ADF", "fechaVigencia": "2023-06-07 13:02:04.284000-04:00", "mensajesList": [{"codigo": 980, "descripcion": "EXISTE UN CUIS VIGENTE PARA LA SUCURSAL O PUNTO DE VENTA"}], "transaccion": false}
